--- 1 ---
[ OK(L) ]: pc(i)=1 /\ tick = 0 /\ min = 0 /\ main::ticket(i) = 0 -> pc(i)=4 \/ pc(i)=5 \/ pc(i)=6 -> main::ticket(i) < tick
--- 2 ---
[ OK(L) ]: pc(i)=4 \/ pc(i)=5 \/ pc(i)=6 -> main::ticket(i) < tick /\ pc(i)=1 /\ pc' = pc{i<-2} /\ 1 = 1 /\ tick' = tick /\ min' = min /\ i' = i /\ main::ticket' = main::ticket /\ i' = i -> pc'(i)=4 \/ pc'(i)=5 \/ pc'(i)=6 -> main::ticket(i)' < tick'
--- 3 ---
[ OK(L) ]: pc(i)=4 \/ pc(i)=5 \/ pc(i)=6 -> main::ticket(i) < tick /\ pc(i)=1 /\ pc' = pc{i<-7} /\ ~ 1 = 1 /\ tick' = tick /\ min' = min /\ i' = i /\ main::ticket' = main::ticket /\ i' = i -> pc'(i)=4 \/ pc'(i)=5 \/ pc'(i)=6 -> main::ticket(i)' < tick'
--- 4 ---
[  CHK  ]: k_0 != i /\ pc(i)=4 \/ pc(i)=5 \/ pc(i)=6 -> main::ticket(i) < tick /\ pc(k_0)=1 /\ pc' = pc{k_0<-2} /\ 1 = 1 /\ tick' = tick /\ min' = min /\ i' = i /\ main::ticket' = main::ticket /\ i' = i -> pc'(i)=4 \/ pc'(i)=5 \/ pc'(i)=6 -> main::ticket(i)' < tick'
--- 5 ---
[  CHK  ]: k_0 != i /\ pc(i)=4 \/ pc(i)=5 \/ pc(i)=6 -> main::ticket(i) < tick /\ pc(k_0)=1 /\ pc' = pc{k_0<-7} /\ ~ 1 = 1 /\ tick' = tick /\ min' = min /\ i' = i /\ main::ticket' = main::ticket /\ i' = i -> pc'(i)=4 \/ pc'(i)=5 \/ pc'(i)=6 -> main::ticket(i)' < tick'
--- 6 ---
[ OK(L) ]: pc(i)=4 \/ pc(i)=5 \/ pc(i)=6 -> main::ticket(i) < tick /\ pc(i)=2 /\ pc' = pc{i<-3} /\ tick' = tick /\ min' = min /\ i' = i /\ main::ticket' = main::ticket /\ i' = i -> pc'(i)=4 \/ pc'(i)=5 \/ pc'(i)=6 -> main::ticket(i)' < tick'
--- 7 ---
[  CHK  ]: k_0 != i /\ pc(i)=4 \/ pc(i)=5 \/ pc(i)=6 -> main::ticket(i) < tick /\ pc(k_0)=2 /\ pc' = pc{k_0<-3} /\ tick' = tick /\ min' = min /\ i' = i /\ main::ticket' = main::ticket /\ i' = i -> pc'(i)=4 \/ pc'(i)=5 \/ pc'(i)=6 -> main::ticket(i)' < tick'
--- 8 ---
[  CHK  ]: pc(i)=4 \/ pc(i)=5 \/ pc(i)=6 -> main::ticket(i) < tick /\ pc(i)=3 /\ pc' = pc{i<-4} /\ tick' = tick + 1 /\ true /\ main::ticket' = main::ticket{i<-tick} /\ true /\ min' = min /\ i' = i /\ i' = i -> pc'(i)=4 \/ pc'(i)=5 \/ pc'(i)=6 -> main::ticket(i)' < tick'
--- 9 ---
[  CHK  ]: k_0 != i /\ pc(i)=4 \/ pc(i)=5 \/ pc(i)=6 -> main::ticket(i) < tick /\ pc(k_0)=3 /\ pc' = pc{k_0<-4} /\ tick' = tick + 1 /\ true /\ main::ticket' = main::ticket{k_0<-tick} /\ true /\ min' = min /\ i' = i /\ i' = i -> pc'(i)=4 \/ pc'(i)=5 \/ pc'(i)=6 -> main::ticket(i)' < tick'
--- 10 ---
[  CHK  ]: pc(i)=4 \/ pc(i)=5 \/ pc(i)=6 -> main::ticket(i) < tick /\ pc(i)=4 /\ pc' = pc{i<-5} /\ main::ticket(i) = min /\ tick' = tick /\ min' = min /\ i' = i /\ main::ticket' = main::ticket /\ i' = i -> pc'(i)=4 \/ pc'(i)=5 \/ pc'(i)=6 -> main::ticket(i)' < tick'
--- 11 ---
[  CHK  ]: pc(i)=4 \/ pc(i)=5 \/ pc(i)=6 -> main::ticket(i) < tick /\ pc(i)=4 /\ pc' = pc{i<-4} /\ ~ main::ticket(i) = min /\ tick' = tick /\ min' = min /\ i' = i /\ main::ticket' = main::ticket /\ i' = i -> pc'(i)=4 \/ pc'(i)=5 \/ pc'(i)=6 -> main::ticket(i)' < tick'
--- 12 ---
[  CHK  ]: k_0 != i /\ pc(i)=4 \/ pc(i)=5 \/ pc(i)=6 -> main::ticket(i) < tick /\ pc(k_0)=4 /\ pc' = pc{k_0<-5} /\ main::ticket(k_0) = min /\ tick' = tick /\ min' = min /\ i' = i /\ main::ticket' = main::ticket /\ i' = i -> pc'(i)=4 \/ pc'(i)=5 \/ pc'(i)=6 -> main::ticket(i)' < tick'
--- 13 ---
[  CHK  ]: k_0 != i /\ pc(i)=4 \/ pc(i)=5 \/ pc(i)=6 -> main::ticket(i) < tick /\ pc(k_0)=4 /\ pc' = pc{k_0<-4} /\ ~ main::ticket(k_0) = min /\ tick' = tick /\ min' = min /\ i' = i /\ main::ticket' = main::ticket /\ i' = i -> pc'(i)=4 \/ pc'(i)=5 \/ pc'(i)=6 -> main::ticket(i)' < tick'
--- 14 ---
[  CHK  ]: pc(i)=4 \/ pc(i)=5 \/ pc(i)=6 -> main::ticket(i) < tick /\ pc(i)=5 /\ pc' = pc{i<-6} /\ tick' = tick /\ min' = min /\ i' = i /\ main::ticket' = main::ticket /\ i' = i -> pc'(i)=4 \/ pc'(i)=5 \/ pc'(i)=6 -> main::ticket(i)' < tick'
--- 15 ---
[  CHK  ]: k_0 != i /\ pc(i)=4 \/ pc(i)=5 \/ pc(i)=6 -> main::ticket(i) < tick /\ pc(k_0)=5 /\ pc' = pc{k_0<-6} /\ tick' = tick /\ min' = min /\ i' = i /\ main::ticket' = main::ticket /\ i' = i -> pc'(i)=4 \/ pc'(i)=5 \/ pc'(i)=6 -> main::ticket(i)' < tick'
--- 16 ---
[ OK(L) ]: pc(i)=4 \/ pc(i)=5 \/ pc(i)=6 -> main::ticket(i) < tick /\ pc(i)=6 /\ pc' = pc{i<-1} /\ min' = min + 1 /\ true /\ tick' = tick /\ i' = i /\ main::ticket' = main::ticket /\ i' = i -> pc'(i)=4 \/ pc'(i)=5 \/ pc'(i)=6 -> main::ticket(i)' < tick'
--- 17 ---
[  CHK  ]: k_0 != i /\ pc(i)=4 \/ pc(i)=5 \/ pc(i)=6 -> main::ticket(i) < tick /\ pc(k_0)=6 /\ pc' = pc{k_0<-1} /\ min' = min + 1 /\ true /\ tick' = tick /\ i' = i /\ main::ticket' = main::ticket /\ i' = i -> pc'(i)=4 \/ pc'(i)=5 \/ pc'(i)=6 -> main::ticket(i)' < tick'
